[2026-03-02 01:37:30] [INFO] Database initialized
[2026-03-02 01:37:30] [INFO] Database initialized
[2026-03-02 01:37:31] [INFO] Database initialized
[2026-03-02 01:37:31] [INFO] Created lexaplast 'test-lexaplast' at /home/ubuntu/.openclaw/workspace/lexaforge/lexaplasts/test-lexaplast.json
[2026-03-02 01:37:33] [INFO] Database initialized
[2026-03-02 01:37:33] [INFO] Created txt lexasome 'test-lexasome' at /home/ubuntu/.openclaw/workspace/lexaforge/lexasomes/test-lexasome.txt
[2026-03-02 01:37:36] [INFO] Database initialized
[2026-03-02 01:37:36] [INFO] Database initialized
[2026-03-02 01:37:38] [INFO] Database initialized
[2026-03-02 01:37:38] [INFO] Starting mining job 20260302-013738: 3 outputs
[2026-03-02 01:37:38] [ERROR] Error generating output 0: 'domain'
[2026-03-02 01:37:38] [ERROR] Error generating output 1: 'domain'
[2026-03-02 01:37:38] [ERROR] Error generating output 2: 'domain'
[2026-03-02 01:37:38] [INFO] Mining completed: 0/3 outputs generated
[2026-03-02 01:38:47] [INFO] Database initialized
[2026-03-02 01:38:49] [INFO] Database initialized
[2026-03-02 01:39:10] [INFO] Database initialized
[2026-03-02 01:39:12] [INFO] Database initialized
[2026-03-02 01:39:12] [INFO] Starting mining job 20260302-013912: 3 outputs
[2026-03-02 01:39:12] [ERROR] API call failed: HTTP Error 400: Bad Request
[2026-03-02 01:39:13] [ERROR] API call failed: HTTP Error 400: Bad Request
[2026-03-02 01:39:13] [ERROR] API call failed: HTTP Error 400: Bad Request
[2026-03-02 01:39:14] [INFO] Mining completed: 0/3 outputs generated
[2026-03-02 01:39:30] [INFO] Database initialized
[2026-03-02 01:39:46] [INFO] Database initialized
[2026-03-02 01:39:46] [INFO] Starting mining job 20260302-013946: 3 outputs
[2026-03-02 01:40:06] [INFO] Mining completed: 3/3 outputs generated
[2026-03-02 01:40:09] [INFO] Database initialized
