[2026-03-14 11:00:32] === Daily Issue Fixer Started ===
[2026-03-14 11:00:32] Version: 2.0.0 (with model selection)
[2026-03-14 11:00:32] Checking prerequisites...
[2026-03-14 11:00:32] Prerequisites check passed.
[2026-03-14 11:00:32] Searching for oldest unaddressed issue by user 'schbz'...
[2026-03-14 11:00:33] Checking repository: rexuvia/glitch-loom
[2026-03-14 11:00:34]   New oldest issue found: glitch-loom#4 (2026-03-14)
[2026-03-14 11:00:34] Checking repository: rexuvia/rexuvia-site
[2026-03-14 11:00:34] Checking repository: rexuvia/wave-collapse-weaver
[2026-03-14 11:00:34] Checking repository: rexuvia/memory-palace-builder
[2026-03-14 11:00:35] Checking repository: rexuvia/word-bird
[2026-03-14 11:00:35]   Skipping already processed issue: word-bird#1
[2026-03-14 11:00:35] Checking repository: rexuvia/prime-spiral
[2026-03-14 11:00:35] Checking repository: rexuvia/flock-mind
[2026-03-14 11:00:36] Checking repository: rexuvia/branching-narrative-web
[2026-03-14 11:00:36] Checking repository: rexuvia/sideways-tetris
[2026-03-14 11:00:36]   New oldest issue found: sideways-tetris#1 (2026-03-11)
[2026-03-14 11:00:36] Checking repository: rexuvia/openclaw-skill-modelshow
[2026-03-14 11:00:37] Checking repository: rexuvia/neural-knot-untangler
[2026-03-14 11:00:37] Checking repository: rexuvia/prompticles
[2026-03-14 11:00:37] Checking repository: rexuvia/cell-symphony
[2026-03-14 11:00:37] Checking repository: rexuvia/echo-weaver
[2026-03-14 11:00:38] Checking repository: rexuvia/elemental-garden
[2026-03-14 11:00:38] Checking repository: rexuvia/lava-flow
[2026-03-14 11:00:38] Checking repository: rexuvia/mirror-maze
[2026-03-14 11:00:39] Checking repository: rexuvia/signal-scope
[2026-03-14 11:00:39] Checking repository: rexuvia/sort-cinema
[2026-03-14 11:00:39] Checking repository: rexuvia/neon-synth-pad
[2026-03-14 11:00:39] Checking repository: rexuvia/pendulum-waves
[2026-03-14 11:00:40] Found oldest unaddressed issue: sideways-tetris#1 (created: 2026-03-11)
[2026-03-14 11:00:40] Processing issue: rexuvia/[2026-03-14#11:00:32] - Searching
[2026-03-14 11:00:40] Analyzing issue: rexuvia/[2026-03-14#11:00:32]
[2026-03-14 11:00:40] Issue type: feature
[2026-03-14 11:00:40] Sending Telegram message to Sky...
[2026-03-14 11:00:45] ERROR: Failed to send Telegram message
