[2026-03-11 23:34:10] === Daily Issue Fixer Started ===
[2026-03-11 23:34:10] Checking prerequisites...
[2026-03-11 23:34:11] Prerequisites check passed.
[2026-03-11 23:34:11] Searching for oldest unaddressed issue by user 'schbz'...
[2026-03-11 23:34:11] Finding rexuvia/* repositories...
[2026-03-11 23:34:11] Checking repo: rexuvia/[2026-03-11
[2026-03-11 23:34:12] Checking repo: rexuvia/23:34:11]
[2026-03-11 23:34:12] Checking repo: rexuvia/Finding
[2026-03-11 23:34:12] Checking repo: rexuvia/rexuvia/*
[2026-03-11 23:34:12] Checking repo: rexuvia/repositories...
[2026-03-11 23:34:12] Checking repo: rexuvia/rexuvia-site
[2026-03-11 23:34:13] Checking repo: rexuvia/glitch-loom
[2026-03-11 23:34:13] Checking repo: rexuvia/wave-collapse-weaver
[2026-03-11 23:34:13] Checking repo: rexuvia/memory-palace-builder
[2026-03-11 23:34:13] Checking repo: rexuvia/word-bird
[2026-03-11 23:34:14] Checking repo: rexuvia/prime-spiral
[2026-03-11 23:34:14] Checking repo: rexuvia/flock-mind
[2026-03-11 23:34:14] Checking repo: rexuvia/branching-narrative-web
[2026-03-11 23:34:15] Checking repo: rexuvia/sideways-tetris
[2026-03-11 23:34:15] Checking repo: rexuvia/openclaw-skill-modelshow
[2026-03-11 23:34:15] Checking repo: rexuvia/neural-knot-untangler
[2026-03-11 23:34:16] Checking repo: rexuvia/prompticles
[2026-03-11 23:34:16] Checking repo: rexuvia/cell-symphony
[2026-03-11 23:34:16] Checking repo: rexuvia/echo-weaver
[2026-03-11 23:34:16] Checking repo: rexuvia/elemental-garden
[2026-03-11 23:34:17] Checking repo: rexuvia/lava-flow
[2026-03-11 23:34:17] Checking repo: rexuvia/mirror-maze
[2026-03-11 23:34:17] Checking repo: rexuvia/signal-scope
[2026-03-11 23:34:18] Checking repo: rexuvia/sort-cinema
[2026-03-11 23:34:18] Checking repo: rexuvia/neon-synth-pad
[2026-03-11 23:34:18] Checking repo: rexuvia/pendulum-waves
[2026-03-11 23:34:18] Found oldest issue: rexuvia/word-bird#1 - obstacle spacing adjustment (created: 2026-03-11T22:31:43Z)
[2026-03-11 23:34:18] Analyzing issue: rexuvia/[2026-03-11 23:34:11] Searching for oldest unaddressed issue by user 'schbz'...# - 
[2026-03-11 23:34:19] Sending Telegram message to Sky...
[2026-03-11 23:34:19] Telegram message sent. Waiting for response...
[2026-03-11 23:34:19] === Daily Issue Fixer Completed Initial Phase ===
[2026-03-11 23:34:19] Issue queued for response: rexuvia/[2026-03-11 23:34:11] Searching for oldest unaddressed issue by user 'schbz'...#
[2026-03-11 23:43:41] === Daily Issue Fixer Started ===
[2026-03-11 23:43:41] Version: 2.0.0 (with model selection)
[2026-03-11 23:43:41] Checking prerequisites...
[2026-03-11 23:43:42] Prerequisites check passed.
[2026-03-11 23:43:42] Found waiting response files. Skipping new issue search.
[2026-03-11 23:43:42] Use the response handler to process waiting responses first.
[2026-03-11 23:43:55] === Daily Issue Fixer Started ===
[2026-03-11 23:43:55] Version: 2.0.0 (with model selection)
[2026-03-11 23:43:55] Checking prerequisites...
[2026-03-11 23:43:55] Prerequisites check passed.
[2026-03-11 23:43:55] Searching for oldest unaddressed issue by user 'schbz'...
[2026-03-11 23:43:56] Checking repository: rexuvia/rexuvia-site
[2026-03-11 23:43:56] Checking repository: rexuvia/glitch-loom
[2026-03-11 23:43:57]   New oldest issue found: glitch-loom#3 (2026-03-11)
[2026-03-11 23:43:57] Checking repository: rexuvia/wave-collapse-weaver
[2026-03-11 23:43:57] Checking repository: rexuvia/memory-palace-builder
[2026-03-11 23:43:57] Checking repository: rexuvia/word-bird
[2026-03-11 23:43:58] Checking repository: rexuvia/prime-spiral
[2026-03-11 23:43:58] Checking repository: rexuvia/flock-mind
[2026-03-11 23:43:58] Checking repository: rexuvia/branching-narrative-web
[2026-03-11 23:43:59] Checking repository: rexuvia/sideways-tetris
[2026-03-11 23:43:59] Checking repository: rexuvia/openclaw-skill-modelshow
[2026-03-11 23:43:59] Checking repository: rexuvia/neural-knot-untangler
[2026-03-11 23:44:00] Checking repository: rexuvia/prompticles
[2026-03-11 23:44:00] Checking repository: rexuvia/cell-symphony
[2026-03-11 23:44:00] Checking repository: rexuvia/echo-weaver
[2026-03-11 23:44:00] Checking repository: rexuvia/elemental-garden
[2026-03-11 23:44:01] Checking repository: rexuvia/lava-flow
[2026-03-11 23:44:01] Checking repository: rexuvia/mirror-maze
[2026-03-11 23:44:01] Checking repository: rexuvia/signal-scope
[2026-03-11 23:44:02] Checking repository: rexuvia/sort-cinema
[2026-03-11 23:44:02] Checking repository: rexuvia/neon-synth-pad
[2026-03-11 23:44:02] Checking repository: rexuvia/pendulum-waves
[2026-03-11 23:44:03] Found oldest unaddressed issue: glitch-loom#3 (created: 2026-03-11)
[2026-03-11 23:44:03] Processing issue: rexuvia/[2026-03-11#23:43:55] - Searching
[2026-03-11 23:44:03] Analyzing issue: rexuvia/[2026-03-11#23:43:55]
[2026-03-11 23:44:03] Issue type: feature
[2026-03-11 23:44:03] Sending Telegram message to Sky...
[2026-03-11 23:44:08] ERROR: Failed to send Telegram message
[2026-03-11 23:44:45] === Daily Issue Fixer Started ===
[2026-03-11 23:44:45] Version: 2.0.0 (with model selection)
[2026-03-11 23:44:45] Checking prerequisites...
[2026-03-11 23:44:45] Prerequisites check passed.
[2026-03-11 23:44:45] Searching for oldest unaddressed issue by user 'schbz'...
