[2026-03-16 11:00:34] === Daily Issue Fixer Started ===
[2026-03-16 11:00:34] Checking prerequisites...
[2026-03-16 11:00:34] Prerequisites check passed.
[2026-03-16 11:00:34] Searching for oldest unaddressed issue by user 'schbz'...
[2026-03-16 11:00:34] Finding rexuvia/* repositories...
[2026-03-16 11:00:35] Checking repo: rexuvia/[2026-03-16
[2026-03-16 11:00:35] Checking repo: rexuvia/11:00:34]
[2026-03-16 11:00:35] Checking repo: rexuvia/Finding
[2026-03-16 11:00:36] Checking repo: rexuvia/rexuvia/*
[2026-03-16 11:00:36] Checking repo: rexuvia/repositories...
[2026-03-16 11:00:36] Checking repo: rexuvia/glitch-loom
[2026-03-16 11:00:36] Checking repo: rexuvia/rexuvia-site
[2026-03-16 11:00:37] Checking repo: rexuvia/sideways-tetris
[2026-03-16 11:00:37] Checking repo: rexuvia/wave-collapse-weaver
[2026-03-16 11:00:37] Checking repo: rexuvia/memory-palace-builder
[2026-03-16 11:00:37] Checking repo: rexuvia/word-bird
[2026-03-16 11:00:38] Checking repo: rexuvia/prime-spiral
[2026-03-16 11:00:38] Checking repo: rexuvia/flock-mind
[2026-03-16 11:00:39] Checking repo: rexuvia/branching-narrative-web
[2026-03-16 11:00:39] Checking repo: rexuvia/openclaw-skill-modelshow
[2026-03-16 11:00:39] Checking repo: rexuvia/neural-knot-untangler
[2026-03-16 11:00:40] Checking repo: rexuvia/prompticles
[2026-03-16 11:00:40] Checking repo: rexuvia/cell-symphony
[2026-03-16 11:00:40] Checking repo: rexuvia/echo-weaver
[2026-03-16 11:00:41] Checking repo: rexuvia/elemental-garden
[2026-03-16 11:00:41] Checking repo: rexuvia/lava-flow
[2026-03-16 11:00:41] Checking repo: rexuvia/mirror-maze
[2026-03-16 11:00:42] Checking repo: rexuvia/signal-scope
[2026-03-16 11:00:42] Checking repo: rexuvia/sort-cinema
[2026-03-16 11:00:42] Checking repo: rexuvia/neon-synth-pad
[2026-03-16 11:00:43] Checking repo: rexuvia/pendulum-waves
[2026-03-16 11:00:43] Found oldest issue: rexuvia/word-bird#1 - obstacle spacing adjustment (created: 2026-03-11T22:31:43Z)
[2026-03-16 11:00:43] Analyzing issue: rexuvia/[2026-03-16 11:00:34] Searching for oldest unaddressed issue by user 'schbz'...# - 
[2026-03-16 11:00:43] Sending Telegram message to Sky...
[2026-03-16 11:00:48] ERROR: Failed to send Telegram message
[2026-03-16 11:03:45] === Simple Daily Issue Fixer Started ===
[2026-03-16 11:03:46] Checking repo: rexuvia/glitch-loom
[2026-03-16 11:03:47] Checking repo: rexuvia/rexuvia-site
[2026-03-16 11:03:47] Checking repo: rexuvia/sideways-tetris
[2026-03-16 11:03:47] Checking repo: rexuvia/wave-collapse-weaver
[2026-03-16 11:03:48] Checking repo: rexuvia/memory-palace-builder
[2026-03-16 11:03:48] Checking repo: rexuvia/word-bird
[2026-03-16 11:03:48] Checking repo: rexuvia/prime-spiral
[2026-03-16 11:03:49] Checking repo: rexuvia/flock-mind
[2026-03-16 11:03:49] Checking repo: rexuvia/branching-narrative-web
[2026-03-16 11:03:49] Checking repo: rexuvia/openclaw-skill-modelshow
[2026-03-16 11:03:50] Checking repo: rexuvia/neural-knot-untangler
[2026-03-16 11:03:50] Checking repo: rexuvia/prompticles
[2026-03-16 11:03:50] Checking repo: rexuvia/cell-symphony
[2026-03-16 11:03:51] Checking repo: rexuvia/echo-weaver
[2026-03-16 11:03:51] Checking repo: rexuvia/elemental-garden
[2026-03-16 11:03:51] Checking repo: rexuvia/lava-flow
[2026-03-16 11:03:51] Checking repo: rexuvia/mirror-maze
[2026-03-16 11:03:52] Checking repo: rexuvia/signal-scope
[2026-03-16 11:03:52] Checking repo: rexuvia/sort-cinema
[2026-03-16 11:03:52] Checking repo: rexuvia/neon-synth-pad
[2026-03-16 11:03:53] Checking repo: rexuvia/pendulum-waves
[2026-03-16 11:03:53] Found oldest issue: rexuvia/word-bird#1 - obstacle spacing adjustment (created: 2026-03-11T22:31:43Z)
[2026-03-16 11:03:53] Sending Telegram message...
[2026-03-16 11:03:59] Failed to send Telegram message
[2026-03-16 11:03:59] === Daily Issue Fixer Completed ===
[2026-03-16 11:03:59] Issue queued: rexuvia/word-bird#1
