[2026-03-15 11:01:08] === Daily Issue Fixer Started ===
[2026-03-15 11:01:08] Checking prerequisites...
[2026-03-15 11:01:08] Prerequisites check passed.
[2026-03-15 11:01:08] Searching for oldest unaddressed issue by user 'schbz'...
[2026-03-15 11:01:08] Finding rexuvia/* repositories...
[2026-03-15 11:01:09] Checking repo: rexuvia/[2026-03-15
[2026-03-15 11:01:09] Checking repo: rexuvia/11:01:08]
[2026-03-15 11:01:09] Checking repo: rexuvia/Finding
[2026-03-15 11:01:09] Checking repo: rexuvia/rexuvia/*
[2026-03-15 11:01:09] Checking repo: rexuvia/repositories...
[2026-03-15 11:01:09] Checking repo: rexuvia/rexuvia-site
[2026-03-15 11:01:10] Checking repo: rexuvia/sideways-tetris
[2026-03-15 11:01:10] Checking repo: rexuvia/glitch-loom
[2026-03-15 11:01:10] Checking repo: rexuvia/wave-collapse-weaver
[2026-03-15 11:01:10] Checking repo: rexuvia/memory-palace-builder
[2026-03-15 11:01:11] Checking repo: rexuvia/word-bird
[2026-03-15 11:01:11] Checking repo: rexuvia/prime-spiral
[2026-03-15 11:01:11] Checking repo: rexuvia/flock-mind
[2026-03-15 11:01:12] Checking repo: rexuvia/branching-narrative-web
[2026-03-15 11:01:12] Checking repo: rexuvia/openclaw-skill-modelshow
[2026-03-15 11:01:12] Checking repo: rexuvia/neural-knot-untangler
[2026-03-15 11:01:12] Checking repo: rexuvia/prompticles
[2026-03-15 11:01:13] Checking repo: rexuvia/cell-symphony
[2026-03-15 11:01:13] Checking repo: rexuvia/echo-weaver
[2026-03-15 11:01:13] Checking repo: rexuvia/elemental-garden
[2026-03-15 11:01:14] Checking repo: rexuvia/lava-flow
[2026-03-15 11:01:14] Checking repo: rexuvia/mirror-maze
[2026-03-15 11:01:14] Checking repo: rexuvia/signal-scope
[2026-03-15 11:01:14] Checking repo: rexuvia/sort-cinema
[2026-03-15 11:01:15] Checking repo: rexuvia/neon-synth-pad
[2026-03-15 11:01:15] Checking repo: rexuvia/pendulum-waves
[2026-03-15 11:01:15] Found oldest issue: rexuvia/word-bird#1 - obstacle spacing adjustment (created: 2026-03-11T22:31:43Z)
[2026-03-15 11:01:15] Analyzing issue: rexuvia/[2026-03-15 11:01:08] Searching for oldest unaddressed issue by user 'schbz'...# - 
[2026-03-15 11:01:15] Sending Telegram message to Sky...
[2026-03-15 11:01:20] ERROR: Failed to send Telegram message
[2026-03-15 11:01:53] === Daily Issue Fixer Started ===
[2026-03-15 11:01:53] Version: 2.0.0 (with model selection)
[2026-03-15 11:01:53] Checking prerequisites...
[2026-03-15 11:01:53] Prerequisites check passed.
[2026-03-15 11:01:53] Searching for oldest unaddressed issue by user 'schbz'...
[2026-03-15 11:01:54] Checking repository: rexuvia/rexuvia-site
[2026-03-15 11:01:54] Checking repository: rexuvia/sideways-tetris
[2026-03-15 11:01:55] Checking repository: rexuvia/glitch-loom
[2026-03-15 11:01:55]   New oldest issue found: glitch-loom#4 (2026-03-14)
[2026-03-15 11:01:55] Checking repository: rexuvia/wave-collapse-weaver
[2026-03-15 11:01:55] Checking repository: rexuvia/memory-palace-builder
[2026-03-15 11:01:56] Checking repository: rexuvia/word-bird
[2026-03-15 11:01:56]   Skipping already processed issue: word-bird#1
[2026-03-15 11:01:56] Checking repository: rexuvia/prime-spiral
[2026-03-15 11:01:56] Checking repository: rexuvia/flock-mind
[2026-03-15 11:01:56] Checking repository: rexuvia/branching-narrative-web
[2026-03-15 11:01:57] Checking repository: rexuvia/openclaw-skill-modelshow
[2026-03-15 11:01:57] Checking repository: rexuvia/neural-knot-untangler
[2026-03-15 11:01:57] Checking repository: rexuvia/prompticles
[2026-03-15 11:01:58] Checking repository: rexuvia/cell-symphony
[2026-03-15 11:01:58]   New oldest issue found: cell-symphony#1 (2026-03-11)
[2026-03-15 11:01:58] Checking repository: rexuvia/echo-weaver
[2026-03-15 11:01:58] Checking repository: rexuvia/elemental-garden
[2026-03-15 11:01:58] Checking repository: rexuvia/lava-flow
[2026-03-15 11:01:59] Checking repository: rexuvia/mirror-maze
[2026-03-15 11:01:59] Checking repository: rexuvia/signal-scope
[2026-03-15 11:01:59] Checking repository: rexuvia/sort-cinema
[2026-03-15 11:02:00] Checking repository: rexuvia/neon-synth-pad
[2026-03-15 11:02:00] Checking repository: rexuvia/pendulum-waves
[2026-03-15 11:02:00] Found oldest unaddressed issue: cell-symphony#1 (created: 2026-03-11)
[2026-03-15 11:02:00] Processing issue: rexuvia/[2026-03-15#11:01:53] - Searching
[2026-03-15 11:02:00] Analyzing issue: rexuvia/[2026-03-15#11:01:53]
[2026-03-15 11:02:00] Issue type: feature
[2026-03-15 11:02:00] Sending Telegram message to Sky...
[2026-03-15 11:02:06] ERROR: Failed to send Telegram message
[2026-03-15 11:05:19] === Daily Issue Fixer Started ===
[2026-03-15 11:05:19] Checking prerequisites...
[2026-03-15 11:05:20] Prerequisites check passed.
[2026-03-15 11:05:20] Searching for oldest unaddressed issue by user 'schbz'...
[2026-03-15 11:05:20] Checking repository: rexuvia/rexuvia-site
[2026-03-15 11:05:21] Checking repository: rexuvia/sideways-tetris
[2026-03-15 11:05:21] Checking repository: rexuvia/glitch-loom
[2026-03-15 11:05:21]   New oldest issue found: glitch-loom#4 (2026-03-14)
[2026-03-15 11:05:21] Checking repository: rexuvia/wave-collapse-weaver
[2026-03-15 11:05:22] Checking repository: rexuvia/memory-palace-builder
[2026-03-15 11:05:22] Checking repository: rexuvia/word-bird
[2026-03-15 11:05:22]   Skipping already processed issue: word-bird#1
[2026-03-15 11:05:22] Checking repository: rexuvia/prime-spiral
[2026-03-15 11:05:22] Checking repository: rexuvia/flock-mind
[2026-03-15 11:05:23] Checking repository: rexuvia/branching-narrative-web
[2026-03-15 11:05:23] Checking repository: rexuvia/openclaw-skill-modelshow
[2026-03-15 11:05:23] Checking repository: rexuvia/neural-knot-untangler
[2026-03-15 11:05:24] Checking repository: rexuvia/prompticles
[2026-03-15 11:05:24] Checking repository: rexuvia/cell-symphony
[2026-03-15 11:05:24]   New oldest issue found: cell-symphony#1 (2026-03-11)
[2026-03-15 11:05:24] Checking repository: rexuvia/echo-weaver
[2026-03-15 11:05:25] Checking repository: rexuvia/elemental-garden
[2026-03-15 11:05:25] Checking repository: rexuvia/lava-flow
[2026-03-15 11:05:25] Checking repository: rexuvia/mirror-maze
[2026-03-15 11:05:25] Checking repository: rexuvia/signal-scope
[2026-03-15 11:05:26] Checking repository: rexuvia/sort-cinema
[2026-03-15 11:05:26] Checking repository: rexuvia/neon-synth-pad
[2026-03-15 11:05:26] Checking repository: rexuvia/pendulum-waves
[2026-03-15 11:05:26] Found oldest unaddressed issue: cell-symphony#1 (created: 2026-03-11)
[2026-03-15 11:05:26] Processing issue: rexuvia/[2026-03-15#11:05:20] - Searching
[2026-03-15 11:05:26] Analyzing issue: rexuvia/[2026-03-15#11:05:20]
[2026-03-15 11:05:27] Sending Telegram message to Sky...
[2026-03-15 11:05:32] ERROR: Failed to send Telegram message
